Info: Starting: Create block symbol file (.bsf)
Info: qsys-generate C:\Users\idontseeit\Desktop\Justins_Files\school\Master_MNE\M1S2\sys_embarque\alarm_clock_jukebox\qsys_system.qsys --block-symbol-file --output-directory=C:\Users\idontseeit\Desktop\Justins_Files\school\Master_MNE\M1S2\sys_embarque\alarm_clock_jukebox\qsys_system --family="MAX 10" --part=10M50DAF484C6GES
Progress: Loading alarm_clock_jukebox/qsys_system.qsys
Progress: Reading input file
Progress: Adding BOUTONS_POUSSOIRS [altera_avalon_pio 18.1]
Progress: Parameterizing module BOUTONS_POUSSOIRS
Progress: Adding HEX3_HEX0 [altera_avalon_pio 18.1]
Progress: Parameterizing module HEX3_HEX0
Progress: Adding INTERRUPTEURS [altera_avalon_pio 18.1]
Progress: Parameterizing module INTERRUPTEURS
Progress: Adding LEDR [altera_avalon_pio 18.1]
Progress: Parameterizing module LEDR
Progress: Adding MEMOIRE_ONCHIP [altera_avalon_onchip_memory2 18.1]
Progress: Parameterizing module MEMOIRE_ONCHIP
Progress: Adding NiosII_CPU [altera_nios2_gen2 18.1]
Progress: Parameterizing module NiosII_CPU
Progress: Adding SYS_CLK_timer [altera_avalon_timer 18.1]
Progress: Parameterizing module SYS_CLK_timer
Progress: Adding clk_0 [clock_source 18.1]
Progress: Parameterizing module clk_0
Progress: Adding jtag_uart_0 [altera_avalon_jtag_uart 18.1]
Progress: Parameterizing module jtag_uart_0
Progress: Adding sysid_qsys_0 [altera_avalon_sysid_qsys 18.1]
Progress: Parameterizing module sysid_qsys_0
Progress: Building connections
Progress: Parameterizing connections
Progress: Validating
Progress: Done reading input file
Info: qsys_system.BOUTONS_POUSSOIRS: PIO inputs are not hardwired in test bench. Undefined values will be read from PIO inputs during simulation.
Info: qsys_system.INTERRUPTEURS: PIO inputs are not hardwired in test bench. Undefined values will be read from PIO inputs during simulation.
Info: qsys_system.jtag_uart_0: JTAG UART IP input clock need to be at least double (2x) the operating frequency of JTAG TCK on board
Info: qsys_system.sysid_qsys_0: System ID is not assigned automatically. Edit the System ID parameter to provide a unique ID
Info: qsys_system.sysid_qsys_0: Time stamp will be automatically updated when this component is generated.
Info: qsys-generate succeeded.
Info: Finished: Create block symbol file (.bsf)
Info: 
Info: Starting: Create HDL design files for synthesis
Info: qsys-generate C:\Users\idontseeit\Desktop\Justins_Files\school\Master_MNE\M1S2\sys_embarque\alarm_clock_jukebox\qsys_system.qsys --synthesis=VHDL --output-directory=C:\Users\idontseeit\Desktop\Justins_Files\school\Master_MNE\M1S2\sys_embarque\alarm_clock_jukebox\qsys_system\synthesis --family="MAX 10" --part=10M50DAF484C6GES
Progress: Loading alarm_clock_jukebox/qsys_system.qsys
Progress: Reading input file
Progress: Adding BOUTONS_POUSSOIRS [altera_avalon_pio 18.1]
Progress: Parameterizing module BOUTONS_POUSSOIRS
Progress: Adding HEX3_HEX0 [altera_avalon_pio 18.1]
Progress: Parameterizing module HEX3_HEX0
Progress: Adding INTERRUPTEURS [altera_avalon_pio 18.1]
Progress: Parameterizing module INTERRUPTEURS
Progress: Adding LEDR [altera_avalon_pio 18.1]
Progress: Parameterizing module LEDR
Progress: Adding MEMOIRE_ONCHIP [altera_avalon_onchip_memory2 18.1]
Progress: Parameterizing module MEMOIRE_ONCHIP
Progress: Adding NiosII_CPU [altera_nios2_gen2 18.1]
Progress: Parameterizing module NiosII_CPU
Progress: Adding SYS_CLK_timer [altera_avalon_timer 18.1]
Progress: Parameterizing module SYS_CLK_timer
Progress: Adding clk_0 [clock_source 18.1]
Progress: Parameterizing module clk_0
Progress: Adding jtag_uart_0 [altera_avalon_jtag_uart 18.1]
Progress: Parameterizing module jtag_uart_0
Progress: Adding sysid_qsys_0 [altera_avalon_sysid_qsys 18.1]
Progress: Parameterizing module sysid_qsys_0
Progress: Building connections
Progress: Parameterizing connections
Progress: Validating
Progress: Done reading input file
Info: qsys_system.BOUTONS_POUSSOIRS: PIO inputs are not hardwired in test bench. Undefined values will be read from PIO inputs during simulation.
Info: qsys_system.INTERRUPTEURS: PIO inputs are not hardwired in test bench. Undefined values will be read from PIO inputs during simulation.
Info: qsys_system.jtag_uart_0: JTAG UART IP input clock need to be at least double (2x) the operating frequency of JTAG TCK on board
Info: qsys_system.sysid_qsys_0: System ID is not assigned automatically. Edit the System ID parameter to provide a unique ID
Info: qsys_system.sysid_qsys_0: Time stamp will be automatically updated when this component is generated.
Info: qsys_system: Generating qsys_system "qsys_system" for QUARTUS_SYNTH
Info: BOUTONS_POUSSOIRS: Starting RTL generation for module 'qsys_system_BOUTONS_POUSSOIRS'
Info: BOUTONS_POUSSOIRS:   Generation command is [exec C:/intelfpga_lite/18.1/quartus/bin64/perl/bin/perl.exe -I C:/intelfpga_lite/18.1/quartus/bin64/perl/lib -I C:/intelfpga_lite/18.1/quartus/sopc_builder/bin/europa -I C:/intelfpga_lite/18.1/quartus/sopc_builder/bin/perl_lib -I C:/intelfpga_lite/18.1/quartus/sopc_builder/bin -I C:/intelfpga_lite/18.1/quartus/../ip/altera/sopc_builder_ip/common -I C:/intelfpga_lite/18.1/quartus/../ip/altera/sopc_builder_ip/altera_avalon_pio -- C:/intelfpga_lite/18.1/quartus/../ip/altera/sopc_builder_ip/altera_avalon_pio/generate_rtl.pl --name=qsys_system_BOUTONS_POUSSOIRS --dir=C:/Users/IDONTS~1/AppData/Local/Temp/alt8665_4696360686295307555.dir/0002_BOUTONS_POUSSOIRS_gen/ --quartus_dir=C:/intelfpga_lite/18.1/quartus --verilog --config=C:/Users/IDONTS~1/AppData/Local/Temp/alt8665_4696360686295307555.dir/0002_BOUTONS_POUSSOIRS_gen//qsys_system_BOUTONS_POUSSOIRS_component_configuration.pl  --do_build_sim=0  ]
Info: BOUTONS_POUSSOIRS: Done RTL generation for module 'qsys_system_BOUTONS_POUSSOIRS'
Info: BOUTONS_POUSSOIRS: "qsys_system" instantiated altera_avalon_pio "BOUTONS_POUSSOIRS"
Info: HEX3_HEX0: Starting RTL generation for module 'qsys_system_HEX3_HEX0'
Info: HEX3_HEX0:   Generation command is [exec C:/intelfpga_lite/18.1/quartus/bin64/perl/bin/perl.exe -I C:/intelfpga_lite/18.1/quartus/bin64/perl/lib -I C:/intelfpga_lite/18.1/quartus/sopc_builder/bin/europa -I C:/intelfpga_lite/18.1/quartus/sopc_builder/bin/perl_lib -I C:/intelfpga_lite/18.1/quartus/sopc_builder/bin -I C:/intelfpga_lite/18.1/quartus/../ip/altera/sopc_builder_ip/common -I C:/intelfpga_lite/18.1/quartus/../ip/altera/sopc_builder_ip/altera_avalon_pio -- C:/intelfpga_lite/18.1/quartus/../ip/altera/sopc_builder_ip/altera_avalon_pio/generate_rtl.pl --name=qsys_system_HEX3_HEX0 --dir=C:/Users/IDONTS~1/AppData/Local/Temp/alt8665_4696360686295307555.dir/0003_HEX3_HEX0_gen/ --quartus_dir=C:/intelfpga_lite/18.1/quartus --verilog --config=C:/Users/IDONTS~1/AppData/Local/Temp/alt8665_4696360686295307555.dir/0003_HEX3_HEX0_gen//qsys_system_HEX3_HEX0_component_configuration.pl  --do_build_sim=0  ]
Info: HEX3_HEX0: Done RTL generation for module 'qsys_system_HEX3_HEX0'
Info: HEX3_HEX0: "qsys_system" instantiated altera_avalon_pio "HEX3_HEX0"
Info: INTERRUPTEURS: Starting RTL generation for module 'qsys_system_INTERRUPTEURS'
Info: INTERRUPTEURS:   Generation command is [exec C:/intelfpga_lite/18.1/quartus/bin64/perl/bin/perl.exe -I C:/intelfpga_lite/18.1/quartus/bin64/perl/lib -I C:/intelfpga_lite/18.1/quartus/sopc_builder/bin/europa -I C:/intelfpga_lite/18.1/quartus/sopc_builder/bin/perl_lib -I C:/intelfpga_lite/18.1/quartus/sopc_builder/bin -I C:/intelfpga_lite/18.1/quartus/../ip/altera/sopc_builder_ip/common -I C:/intelfpga_lite/18.1/quartus/../ip/altera/sopc_builder_ip/altera_avalon_pio -- C:/intelfpga_lite/18.1/quartus/../ip/altera/sopc_builder_ip/altera_avalon_pio/generate_rtl.pl --name=qsys_system_INTERRUPTEURS --dir=C:/Users/IDONTS~1/AppData/Local/Temp/alt8665_4696360686295307555.dir/0004_INTERRUPTEURS_gen/ --quartus_dir=C:/intelfpga_lite/18.1/quartus --verilog --config=C:/Users/IDONTS~1/AppData/Local/Temp/alt8665_4696360686295307555.dir/0004_INTERRUPTEURS_gen//qsys_system_INTERRUPTEURS_component_configuration.pl  --do_build_sim=0  ]
Info: INTERRUPTEURS: Done RTL generation for module 'qsys_system_INTERRUPTEURS'
Info: INTERRUPTEURS: "qsys_system" instantiated altera_avalon_pio "INTERRUPTEURS"
Info: LEDR: Starting RTL generation for module 'qsys_system_LEDR'
Info: LEDR:   Generation command is [exec C:/intelfpga_lite/18.1/quartus/bin64/perl/bin/perl.exe -I C:/intelfpga_lite/18.1/quartus/bin64/perl/lib -I C:/intelfpga_lite/18.1/quartus/sopc_builder/bin/europa -I C:/intelfpga_lite/18.1/quartus/sopc_builder/bin/perl_lib -I C:/intelfpga_lite/18.1/quartus/sopc_builder/bin -I C:/intelfpga_lite/18.1/quartus/../ip/altera/sopc_builder_ip/common -I C:/intelfpga_lite/18.1/quartus/../ip/altera/sopc_builder_ip/altera_avalon_pio -- C:/intelfpga_lite/18.1/quartus/../ip/altera/sopc_builder_ip/altera_avalon_pio/generate_rtl.pl --name=qsys_system_LEDR --dir=C:/Users/IDONTS~1/AppData/Local/Temp/alt8665_4696360686295307555.dir/0005_LEDR_gen/ --quartus_dir=C:/intelfpga_lite/18.1/quartus --verilog --config=C:/Users/IDONTS~1/AppData/Local/Temp/alt8665_4696360686295307555.dir/0005_LEDR_gen//qsys_system_LEDR_component_configuration.pl  --do_build_sim=0  ]
Info: LEDR: Done RTL generation for module 'qsys_system_LEDR'
Info: LEDR: "qsys_system" instantiated altera_avalon_pio "LEDR"
Info: MEMOIRE_ONCHIP: Starting RTL generation for module 'qsys_system_MEMOIRE_ONCHIP'
Info: MEMOIRE_ONCHIP:   Generation command is [exec C:/intelfpga_lite/18.1/quartus/bin64/perl/bin/perl.exe -I C:/intelfpga_lite/18.1/quartus/bin64/perl/lib -I C:/intelfpga_lite/18.1/quartus/sopc_builder/bin/europa -I C:/intelfpga_lite/18.1/quartus/sopc_builder/bin/perl_lib -I C:/intelfpga_lite/18.1/quartus/sopc_builder/bin -I C:/intelfpga_lite/18.1/quartus/../ip/altera/sopc_builder_ip/common -I C:/intelfpga_lite/18.1/quartus/../ip/altera/sopc_builder_ip/altera_avalon_onchip_memory2 -- C:/intelfpga_lite/18.1/quartus/../ip/altera/sopc_builder_ip/altera_avalon_onchip_memory2/generate_rtl.pl --name=qsys_system_MEMOIRE_ONCHIP --dir=C:/Users/IDONTS~1/AppData/Local/Temp/alt8665_4696360686295307555.dir/0006_MEMOIRE_ONCHIP_gen/ --quartus_dir=C:/intelfpga_lite/18.1/quartus --verilog --config=C:/Users/IDONTS~1/AppData/Local/Temp/alt8665_4696360686295307555.dir/0006_MEMOIRE_ONCHIP_gen//qsys_system_MEMOIRE_ONCHIP_component_configuration.pl  --do_build_sim=0  ]
Info: MEMOIRE_ONCHIP: Done RTL generation for module 'qsys_system_MEMOIRE_ONCHIP'
Info: MEMOIRE_ONCHIP: "qsys_system" instantiated altera_avalon_onchip_memory2 "MEMOIRE_ONCHIP"
Info: NiosII_CPU: "qsys_system" instantiated altera_nios2_gen2 "NiosII_CPU"
Info: SYS_CLK_timer: Starting RTL generation for module 'qsys_system_SYS_CLK_timer'
Info: SYS_CLK_timer:   Generation command is [exec C:/intelFPGA_lite/18.1/quartus/bin64//perl/bin/perl.exe -I C:/intelFPGA_lite/18.1/quartus/bin64//perl/lib -I C:/intelfpga_lite/18.1/quartus/sopc_builder/bin/europa -I C:/intelfpga_lite/18.1/quartus/sopc_builder/bin/perl_lib -I C:/intelfpga_lite/18.1/quartus/sopc_builder/bin -I C:/intelfpga_lite/18.1/quartus/../ip/altera/sopc_builder_ip/common -I C:/intelfpga_lite/18.1/quartus/../ip/altera/sopc_builder_ip/altera_avalon_timer -- C:/intelfpga_lite/18.1/quartus/../ip/altera/sopc_builder_ip/altera_avalon_timer/generate_rtl.pl --name=qsys_system_SYS_CLK_timer --dir=C:/Users/IDONTS~1/AppData/Local/Temp/alt8665_4696360686295307555.dir/0007_SYS_CLK_timer_gen/ --quartus_dir=C:/intelfpga_lite/18.1/quartus --verilog --config=C:/Users/IDONTS~1/AppData/Local/Temp/alt8665_4696360686295307555.dir/0007_SYS_CLK_timer_gen//qsys_system_SYS_CLK_timer_component_configuration.pl  --do_build_sim=0  ]
Info: SYS_CLK_timer: Done RTL generation for module 'qsys_system_SYS_CLK_timer'
Info: SYS_CLK_timer: "qsys_system" instantiated altera_avalon_timer "SYS_CLK_timer"
Info: jtag_uart_0: Starting RTL generation for module 'qsys_system_jtag_uart_0'
Info: jtag_uart_0:   Generation command is [exec C:/intelfpga_lite/18.1/quartus/bin64/perl/bin/perl.exe -I C:/intelfpga_lite/18.1/quartus/bin64/perl/lib -I C:/intelfpga_lite/18.1/quartus/sopc_builder/bin/europa -I C:/intelfpga_lite/18.1/quartus/sopc_builder/bin/perl_lib -I C:/intelfpga_lite/18.1/quartus/sopc_builder/bin -I C:/intelfpga_lite/18.1/quartus/../ip/altera/sopc_builder_ip/common -I C:/intelfpga_lite/18.1/quartus/../ip/altera/sopc_builder_ip/altera_avalon_jtag_uart -- C:/intelfpga_lite/18.1/quartus/../ip/altera/sopc_builder_ip/altera_avalon_jtag_uart/generate_rtl.pl --name=qsys_system_jtag_uart_0 --dir=C:/Users/IDONTS~1/AppData/Local/Temp/alt8665_4696360686295307555.dir/0008_jtag_uart_0_gen/ --quartus_dir=C:/intelfpga_lite/18.1/quartus --verilog --config=C:/Users/IDONTS~1/AppData/Local/Temp/alt8665_4696360686295307555.dir/0008_jtag_uart_0_gen//qsys_system_jtag_uart_0_component_configuration.pl  --do_build_sim=0  ]
Info: jtag_uart_0: Done RTL generation for module 'qsys_system_jtag_uart_0'
Info: jtag_uart_0: "qsys_system" instantiated altera_avalon_jtag_uart "jtag_uart_0"
Info: sysid_qsys_0: "qsys_system" instantiated altera_avalon_sysid_qsys "sysid_qsys_0"
Info: avalon_st_adapter: Inserting error_adapter: error_adapter_0
Info: avalon_st_adapter_001: Inserting error_adapter: error_adapter_0
Info: avalon_st_adapter_002: Inserting error_adapter: error_adapter_0
Info: avalon_st_adapter_003: Inserting error_adapter: error_adapter_0
Info: avalon_st_adapter_004: Inserting error_adapter: error_adapter_0
Info: avalon_st_adapter_005: Inserting error_adapter: error_adapter_0
Info: avalon_st_adapter_006: Inserting error_adapter: error_adapter_0
Info: avalon_st_adapter_007: Inserting error_adapter: error_adapter_0
Info: avalon_st_adapter_008: Inserting error_adapter: error_adapter_0
Info: mm_interconnect_0: "qsys_system" instantiated altera_mm_interconnect "mm_interconnect_0"
Info: irq_mapper: "qsys_system" instantiated altera_irq_mapper "irq_mapper"
Info: rst_controller: "qsys_system" instantiated altera_reset_controller "rst_controller"
Info: cpu: Starting RTL generation for module 'qsys_system_NiosII_CPU_cpu'
Info: cpu:   Generation command is [exec C:/intelFPGA_lite/18.1/quartus/bin64//eperlcmd.exe -I C:/intelFPGA_lite/18.1/quartus/bin64//perl/lib -I C:/intelfpga_lite/18.1/quartus/sopc_builder/bin/europa -I C:/intelfpga_lite/18.1/quartus/sopc_builder/bin/perl_lib -I C:/intelfpga_lite/18.1/quartus/sopc_builder/bin -I C:/intelfpga_lite/18.1/quartus/../ip/altera/nios2_ip/altera_nios2_gen2/cpu_lib -I C:/intelfpga_lite/18.1/quartus/../ip/altera/nios2_ip/altera_nios2_gen2/nios_lib -I C:/intelfpga_lite/18.1/quartus/../ip/altera/nios2_ip/altera_nios2_gen2 -I C:/intelfpga_lite/18.1/quartus/../ip/altera/nios2_ip/altera_nios2_gen2 -- C:/intelfpga_lite/18.1/quartus/../ip/altera/nios2_ip/altera_nios2_gen2/generate_rtl.epl --name=qsys_system_NiosII_CPU_cpu --dir=C:/Users/IDONTS~1/AppData/Local/Temp/alt8665_4696360686295307555.dir/0012_cpu_gen/ --quartus_bindir=C:/intelFPGA_lite/18.1/quartus/bin64/ --verilog --config=C:/Users/IDONTS~1/AppData/Local/Temp/alt8665_4696360686295307555.dir/0012_cpu_gen//qsys_system_NiosII_CPU_cpu_processor_configuration.pl  --do_build_sim=0  ]
Info: cpu: # 2021.02.07 22:37:11 (*) Starting Nios II generation
Info: cpu: # 2021.02.07 22:37:11 (*)   Checking for plaintext license.
Info: cpu: # 2021.02.07 22:37:13 (*)   Couldn't query license setup in Quartus directory C:/intelFPGA_lite/18.1/quartus/bin64/
Info: cpu: # 2021.02.07 22:37:13 (*)   Defaulting to contents of LM_LICENSE_FILE environment variable
Info: cpu: # 2021.02.07 22:37:13 (*)   LM_LICENSE_FILE environment variable is empty
Info: cpu: # 2021.02.07 22:37:13 (*)   Plaintext license not found.
Info: cpu: # 2021.02.07 22:37:13 (*)   Checking for encrypted license (non-evaluation).
Info: cpu: # 2021.02.07 22:37:15 (*)   Couldn't query license setup in Quartus directory C:/intelFPGA_lite/18.1/quartus/bin64/
Info: cpu: # 2021.02.07 22:37:15 (*)   Defaulting to contents of LM_LICENSE_FILE environment variable
Info: cpu: # 2021.02.07 22:37:15 (*)   LM_LICENSE_FILE environment variable is empty
Info: cpu: # 2021.02.07 22:37:15 (*)   Encrypted license not found.  Defaulting to OCP evaluation license (produces a time-limited SOF)
Info: cpu: # 2021.02.07 22:37:15 (*)   Elaborating CPU configuration settings
Info: cpu: # 2021.02.07 22:37:16 (*)   Creating all objects for CPU
Info: cpu: # 2021.02.07 22:37:16 (*)     Testbench
Info: cpu: # 2021.02.07 22:37:16 (*)     Instruction decoding
Info: cpu: # 2021.02.07 22:37:16 (*)       Instruction fields
Info: cpu: # 2021.02.07 22:37:17 (*)       Instruction decodes
Info: cpu: # 2021.02.07 22:37:20 (*)       Signals for RTL simulation waveforms
Info: cpu: # 2021.02.07 22:37:20 (*)       Instruction controls
Info: cpu: # 2021.02.07 22:37:20 (*)     Pipeline frontend
Info: cpu: # 2021.02.07 22:37:20 (*)     Pipeline backend
Info: cpu: # 2021.02.07 22:37:27 (*)   Generating RTL from CPU objects
Info: cpu: # 2021.02.07 22:37:31 (*)   Creating encrypted RTL
Info: cpu: # 2021.02.07 22:37:33 (*) Done Nios II generation
Info: cpu: Done RTL generation for module 'qsys_system_NiosII_CPU_cpu'
Info: cpu: "NiosII_CPU" instantiated altera_nios2_gen2_unit "cpu"
Info: NiosII_CPU_data_master_translator: "mm_interconnect_0" instantiated altera_merlin_master_translator "NiosII_CPU_data_master_translator"
Info: jtag_uart_0_avalon_jtag_slave_translator: "mm_interconnect_0" instantiated altera_merlin_slave_translator "jtag_uart_0_avalon_jtag_slave_translator"
Info: NiosII_CPU_data_master_agent: "mm_interconnect_0" instantiated altera_merlin_master_agent "NiosII_CPU_data_master_agent"
Info: jtag_uart_0_avalon_jtag_slave_agent: "mm_interconnect_0" instantiated altera_merlin_slave_agent "jtag_uart_0_avalon_jtag_slave_agent"
Info: jtag_uart_0_avalon_jtag_slave_agent_rsp_fifo: "mm_interconnect_0" instantiated altera_avalon_sc_fifo "jtag_uart_0_avalon_jtag_slave_agent_rsp_fifo"
Info: router: "mm_interconnect_0" instantiated altera_merlin_router "router"
Info: router_001: "mm_interconnect_0" instantiated altera_merlin_router "router_001"
Info: router_002: "mm_interconnect_0" instantiated altera_merlin_router "router_002"
Info: router_004: "mm_interconnect_0" instantiated altera_merlin_router "router_004"
Info: NiosII_CPU_instruction_master_limiter: "mm_interconnect_0" instantiated altera_merlin_traffic_limiter "NiosII_CPU_instruction_master_limiter"
Info: Reusing file C:/Users/idontseeit/Desktop/Justins_Files/school/Master_MNE/M1S2/sys_embarque/alarm_clock_jukebox/qsys_system/synthesis/submodules/altera_avalon_sc_fifo.v
Info: cmd_demux: "mm_interconnect_0" instantiated altera_merlin_demultiplexer "cmd_demux"
Info: cmd_demux_001: "mm_interconnect_0" instantiated altera_merlin_demultiplexer "cmd_demux_001"
Info: cmd_mux: "mm_interconnect_0" instantiated altera_merlin_multiplexer "cmd_mux"
Info: cmd_mux_002: "mm_interconnect_0" instantiated altera_merlin_multiplexer "cmd_mux_002"
Info: Reusing file C:/Users/idontseeit/Desktop/Justins_Files/school/Master_MNE/M1S2/sys_embarque/alarm_clock_jukebox/qsys_system/synthesis/submodules/altera_merlin_arbitrator.sv
Info: rsp_demux: "mm_interconnect_0" instantiated altera_merlin_demultiplexer "rsp_demux"
Info: rsp_demux_002: "mm_interconnect_0" instantiated altera_merlin_demultiplexer "rsp_demux_002"
Info: rsp_mux: "mm_interconnect_0" instantiated altera_merlin_multiplexer "rsp_mux"
Info: Reusing file C:/Users/idontseeit/Desktop/Justins_Files/school/Master_MNE/M1S2/sys_embarque/alarm_clock_jukebox/qsys_system/synthesis/submodules/altera_merlin_arbitrator.sv
Info: rsp_mux_001: "mm_interconnect_0" instantiated altera_merlin_multiplexer "rsp_mux_001"
Info: Reusing file C:/Users/idontseeit/Desktop/Justins_Files/school/Master_MNE/M1S2/sys_embarque/alarm_clock_jukebox/qsys_system/synthesis/submodules/altera_merlin_arbitrator.sv
Info: avalon_st_adapter: "mm_interconnect_0" instantiated altera_avalon_st_adapter "avalon_st_adapter"
Info: error_adapter_0: "avalon_st_adapter" instantiated error_adapter "error_adapter_0"
Info: qsys_system: Done "qsys_system" with 34 modules, 53 files
Info: qsys-generate succeeded.
Info: Finished: Create HDL design files for synthesis
